<?xml version="1.0" encoding="UTF-8"?>
<coverage generated="1517142413327" clover="3.2.0">
  <project timestamp="1517142413328" name="All files">
    <metrics statements="45" coveredstatements="45" conditionals="16" coveredconditionals="14" methods="19" coveredmethods="19" elements="80" coveredelements="78" complexity="0" loc="45" ncloc="45" packages="2" files="2" classes="2">
      <package name="src">
        <metrics statements="24" coveredstatements="24" conditionals="16" coveredconditionals="14" methods="5" coveredmethods="5"/>
        <file name="main.js" path="C:\Users\Eunseok\Desktop\better-textarea\src\main.js">
          <metrics statements="24" coveredstatements="24" conditionals="16" coveredconditionals="14" methods="5" coveredmethods="5"/>
          <line num="2" count="2" type="stmt"/>
          <line num="3" count="10" type="stmt"/>
          <line num="6" count="8" type="stmt"/>
          <line num="11" count="2" type="stmt"/>
          <line num="15" count="13" type="cond" truecount="2" falsecount="0"/>
          <line num="17" count="9" type="stmt"/>
          <line num="19" count="9" type="stmt"/>
          <line num="22" count="8" type="cond" truecount="2" falsecount="0"/>
          <line num="23" count="5" type="stmt"/>
          <line num="24" count="5" type="cond" truecount="1" falsecount="1"/>
          <line num="25" count="4" type="cond" truecount="2" falsecount="0"/>
          <line num="26" count="2" type="stmt"/>
          <line num="27" count="7" type="cond" truecount="1" falsecount="1"/>
          <line num="28" count="7" type="stmt"/>
          <line num="32" count="2" type="stmt"/>
          <line num="35" count="4" type="stmt"/>
          <line num="39" count="11" type="stmt"/>
          <line num="40" count="7" type="cond" truecount="2" falsecount="0"/>
          <line num="41" count="3" type="stmt"/>
          <line num="45" count="4" type="stmt"/>
          <line num="51" count="4" type="stmt"/>
          <line num="52" count="6" type="cond" truecount="4" falsecount="0"/>
          <line num="53" count="2" type="stmt"/>
          <line num="57" count="2" type="stmt"/>
        </file>
      </package>
      <package name="test">
        <metrics statements="21" coveredstatements="21" conditionals="0" coveredconditionals="0" methods="14" coveredmethods="14"/>
        <file name="main.test.js" path="C:\Users\Eunseok\Desktop\better-textarea\test\main.test.js">
          <metrics statements="21" coveredstatements="21" conditionals="0" coveredconditionals="0" methods="14" coveredmethods="14"/>
          <line num="3" count="1" type="stmt"/>
          <line num="4" count="1" type="stmt"/>
          <line num="6" count="1" type="stmt"/>
          <line num="7" count="1" type="stmt"/>
          <line num="10" count="1" type="stmt"/>
          <line num="11" count="1" type="stmt"/>
          <line num="14" count="1" type="stmt"/>
          <line num="15" count="1" type="stmt"/>
          <line num="18" count="1" type="stmt"/>
          <line num="19" count="1" type="stmt"/>
          <line num="21" count="1" type="stmt"/>
          <line num="22" count="1" type="stmt"/>
          <line num="24" count="1" type="stmt"/>
          <line num="27" count="1" type="stmt"/>
          <line num="28" count="1" type="stmt"/>
          <line num="31" count="1" type="stmt"/>
          <line num="32" count="1" type="stmt"/>
          <line num="35" count="1" type="stmt"/>
          <line num="36" count="1" type="stmt"/>
          <line num="40" count="1" type="stmt"/>
          <line num="41" count="1" type="stmt"/>
        </file>
      </package>
    </metrics>
  </project>
</coverage>
