{"C:\\Users\\Eunseok\\Desktop\\better-textarea\\src\\main.js": {"path":"C:\\Users\\Eunseok\\Desktop\\better-textarea\\src\\main.js","statementMap":{"0":{"start":{"line":2,"column":19},"end":{"line":4,"column":1}},"1":{"start":{"line":3,"column":2},"end":{"line":3,"column":45}},"2":{"start":{"line":6,"column":23},"end":{"line":9,"column":1}},"3":{"start":{"line":11,"column":24},"end":{"line":11,"column":30}},"4":{"start":{"line":15,"column":4},"end":{"line":15,"column":49}},"5":{"start":{"line":15,"column":16},"end":{"line":15,"column":49}},"6":{"start":{"line":17,"column":17},"end":{"line":17,"column":34}},"7":{"start":{"line":19,"column":20},"end":{"line":19,"column":22}},"8":{"start":{"line":22,"column":4},"end":{"line":36,"column":5}},"9":{"start":{"line":23,"column":6},"end":{"line":23,"column":25}},"10":{"start":{"line":24,"column":11},"end":{"line":36,"column":5}},"11":{"start":{"line":25,"column":6},"end":{"line":33,"column":7}},"12":{"start":{"line":26,"column":8},"end":{"line":30,"column":11}},"13":{"start":{"line":27,"column":10},"end":{"line":29,"column":11}},"14":{"start":{"line":28,"column":12},"end":{"line":28,"column":38}},"15":{"start":{"line":32,"column":8},"end":{"line":32,"column":41}},"16":{"start":{"line":35,"column":6},"end":{"line":35,"column":52}},"17":{"start":{"line":39,"column":4},"end":{"line":43,"column":7}},"18":{"start":{"line":40,"column":6},"end":{"line":42,"column":7}},"19":{"start":{"line":41,"column":8},"end":{"line":41,"column":61}},"20":{"start":{"line":45,"column":25},"end":{"line":48,"column":5}},"21":{"start":{"line":51,"column":4},"end":{"line":55,"column":7}},"22":{"start":{"line":52,"column":6},"end":{"line":54,"column":7}},"23":{"start":{"line":53,"column":8},"end":{"line":53,"column":68}},"24":{"start":{"line":57,"column":4},"end":{"line":57,"column":38}}},"fnMap":{"0":{"name":"(anonymous_0)","decl":{"start":{"line":2,"column":19},"end":{"line":2,"column":20}},"loc":{"start":{"line":2,"column":28},"end":{"line":4,"column":1}},"line":2},"1":{"name":"(anonymous_1)","decl":{"start":{"line":14,"column":2},"end":{"line":14,"column":3}},"loc":{"start":{"line":14,"column":21},"end":{"line":58,"column":3}},"line":14},"2":{"name":"(anonymous_2)","decl":{"start":{"line":26,"column":35},"end":{"line":26,"column":36}},"loc":{"start":{"line":26,"column":44},"end":{"line":30,"column":9}},"line":26},"3":{"name":"(anonymous_3)","decl":{"start":{"line":39,"column":28},"end":{"line":39,"column":29}},"loc":{"start":{"line":39,"column":40},"end":{"line":43,"column":5}},"line":39},"4":{"name":"(anonymous_4)","decl":{"start":{"line":51,"column":38},"end":{"line":51,"column":39}},"loc":{"start":{"line":51,"column":47},"end":{"line":55,"column":5}},"line":51}},"branchMap":{"0":{"loc":{"start":{"line":15,"column":4},"end":{"line":15,"column":49}},"type":"if","locations":[{"start":{"line":15,"column":4},"end":{"line":15,"column":49}},{"start":{"line":15,"column":4},"end":{"line":15,"column":49}}],"line":15},"1":{"loc":{"start":{"line":22,"column":4},"end":{"line":36,"column":5}},"type":"if","locations":[{"start":{"line":22,"column":4},"end":{"line":36,"column":5}},{"start":{"line":22,"column":4},"end":{"line":36,"column":5}}],"line":22},"2":{"loc":{"start":{"line":24,"column":11},"end":{"line":36,"column":5}},"type":"if","locations":[{"start":{"line":24,"column":11},"end":{"line":36,"column":5}},{"start":{"line":24,"column":11},"end":{"line":36,"column":5}}],"line":24},"3":{"loc":{"start":{"line":25,"column":6},"end":{"line":33,"column":7}},"type":"if","locations":[{"start":{"line":25,"column":6},"end":{"line":33,"column":7}},{"start":{"line":25,"column":6},"end":{"line":33,"column":7}}],"line":25},"4":{"loc":{"start":{"line":27,"column":10},"end":{"line":29,"column":11}},"type":"if","locations":[{"start":{"line":27,"column":10},"end":{"line":29,"column":11}},{"start":{"line":27,"column":10},"end":{"line":29,"column":11}}],"line":27},"5":{"loc":{"start":{"line":40,"column":6},"end":{"line":42,"column":7}},"type":"if","locations":[{"start":{"line":40,"column":6},"end":{"line":42,"column":7}},{"start":{"line":40,"column":6},"end":{"line":42,"column":7}}],"line":40},"6":{"loc":{"start":{"line":52,"column":6},"end":{"line":54,"column":7}},"type":"if","locations":[{"start":{"line":52,"column":6},"end":{"line":54,"column":7}},{"start":{"line":52,"column":6},"end":{"line":54,"column":7}}],"line":52},"7":{"loc":{"start":{"line":52,"column":10},"end":{"line":52,"column":68}},"type":"binary-expr","locations":[{"start":{"line":52,"column":10},"end":{"line":52,"column":22}},{"start":{"line":52,"column":26},"end":{"line":52,"column":68}}],"line":52}},"s":{"0":2,"1":10,"2":8,"3":2,"4":13,"5":4,"6":9,"7":9,"8":8,"9":5,"10":5,"11":4,"12":2,"13":7,"14":7,"15":2,"16":4,"17":11,"18":7,"19":3,"20":4,"21":4,"22":6,"23":2,"24":2},"f":{"0":10,"1":14,"2":4,"3":10,"4":12},"b":{"0":[2,12],"1":[6,6],"2":[6,0],"3":[4,2],"4":[4,0],"5":[2,8],"6":[4,8],"7":[12,8]},"_coverageSchema":"332fd63041d2c1bcb487cc26dd0d5f7d97098a6c","hash":"10c69a112abd7e2fb25857971280be78baddbbc7"}
,"C:\\Users\\Eunseok\\Desktop\\better-textarea\\test\\main.test.js": {"path":"C:\\Users\\Eunseok\\Desktop\\better-textarea\\test\\main.test.js","statementMap":{"0":{"start":{"line":3,"column":0},"end":{"line":43,"column":3}},"1":{"start":{"line":4,"column":2},"end":{"line":4,"column":66}},"2":{"start":{"line":6,"column":2},"end":{"line":8,"column":5}},"3":{"start":{"line":7,"column":4},"end":{"line":7,"column":74}},"4":{"start":{"line":7,"column":17},"end":{"line":7,"column":37}},"5":{"start":{"line":10,"column":2},"end":{"line":12,"column":5}},"6":{"start":{"line":11,"column":4},"end":{"line":11,"column":101}},"7":{"start":{"line":11,"column":17},"end":{"line":11,"column":48}},"8":{"start":{"line":14,"column":2},"end":{"line":16,"column":5}},"9":{"start":{"line":15,"column":4},"end":{"line":15,"column":89}},"10":{"start":{"line":15,"column":17},"end":{"line":15,"column":42}},"11":{"start":{"line":18,"column":2},"end":{"line":25,"column":5}},"12":{"start":{"line":19,"column":19},"end":{"line":19,"column":23}},"13":{"start":{"line":21,"column":4},"end":{"line":23,"column":21}},"14":{"start":{"line":22,"column":6},"end":{"line":22,"column":49}},"15":{"start":{"line":24,"column":4},"end":{"line":24,"column":42}},"16":{"start":{"line":27,"column":2},"end":{"line":29,"column":5}},"17":{"start":{"line":28,"column":4},"end":{"line":28,"column":76}},"18":{"start":{"line":28,"column":17},"end":{"line":28,"column":39}},"19":{"start":{"line":31,"column":2},"end":{"line":33,"column":5}},"20":{"start":{"line":32,"column":4},"end":{"line":32,"column":85}},"21":{"start":{"line":32,"column":17},"end":{"line":32,"column":51}},"22":{"start":{"line":35,"column":2},"end":{"line":42,"column":5}},"23":{"start":{"line":36,"column":21},"end":{"line":38,"column":6}},"24":{"start":{"line":40,"column":4},"end":{"line":40,"column":42}},"25":{"start":{"line":41,"column":4},"end":{"line":41,"column":37}}},"fnMap":{"0":{"name":"(anonymous_0)","decl":{"start":{"line":3,"column":28},"end":{"line":3,"column":29}},"loc":{"start":{"line":3,"column":34},"end":{"line":43,"column":1}},"line":3},"1":{"name":"(anonymous_1)","decl":{"start":{"line":6,"column":30},"end":{"line":6,"column":31}},"loc":{"start":{"line":6,"column":36},"end":{"line":8,"column":3}},"line":6},"2":{"name":"(anonymous_2)","decl":{"start":{"line":7,"column":11},"end":{"line":7,"column":12}},"loc":{"start":{"line":7,"column":17},"end":{"line":7,"column":37}},"line":7},"3":{"name":"(anonymous_3)","decl":{"start":{"line":10,"column":41},"end":{"line":10,"column":42}},"loc":{"start":{"line":10,"column":47},"end":{"line":12,"column":3}},"line":10},"4":{"name":"(anonymous_4)","decl":{"start":{"line":11,"column":11},"end":{"line":11,"column":12}},"loc":{"start":{"line":11,"column":17},"end":{"line":11,"column":48}},"line":11},"5":{"name":"(anonymous_5)","decl":{"start":{"line":14,"column":50},"end":{"line":14,"column":51}},"loc":{"start":{"line":14,"column":56},"end":{"line":16,"column":3}},"line":14},"6":{"name":"(anonymous_6)","decl":{"start":{"line":15,"column":11},"end":{"line":15,"column":12}},"loc":{"start":{"line":15,"column":17},"end":{"line":15,"column":42}},"line":15},"7":{"name":"(anonymous_7)","decl":{"start":{"line":18,"column":38},"end":{"line":18,"column":39}},"loc":{"start":{"line":18,"column":44},"end":{"line":25,"column":3}},"line":18},"8":{"name":"(anonymous_8)","decl":{"start":{"line":21,"column":11},"end":{"line":21,"column":12}},"loc":{"start":{"line":21,"column":17},"end":{"line":23,"column":5}},"line":21},"9":{"name":"(anonymous_9)","decl":{"start":{"line":27,"column":35},"end":{"line":27,"column":36}},"loc":{"start":{"line":27,"column":41},"end":{"line":29,"column":3}},"line":27},"10":{"name":"(anonymous_10)","decl":{"start":{"line":28,"column":11},"end":{"line":28,"column":12}},"loc":{"start":{"line":28,"column":17},"end":{"line":28,"column":39}},"line":28},"11":{"name":"(anonymous_11)","decl":{"start":{"line":31,"column":54},"end":{"line":31,"column":55}},"loc":{"start":{"line":31,"column":60},"end":{"line":33,"column":3}},"line":31},"12":{"name":"(anonymous_12)","decl":{"start":{"line":32,"column":11},"end":{"line":32,"column":12}},"loc":{"start":{"line":32,"column":17},"end":{"line":32,"column":51}},"line":32},"13":{"name":"(anonymous_13)","decl":{"start":{"line":35,"column":29},"end":{"line":35,"column":30}},"loc":{"start":{"line":35,"column":35},"end":{"line":42,"column":3}},"line":35}},"branchMap":{},"s":{"0":1,"1":1,"2":1,"3":1,"4":1,"5":1,"6":1,"7":1,"8":1,"9":1,"10":1,"11":1,"12":1,"13":1,"14":1,"15":1,"16":1,"17":1,"18":1,"19":1,"20":1,"21":1,"22":1,"23":1,"24":1,"25":1},"f":{"0":1,"1":1,"2":1,"3":1,"4":1,"5":1,"6":1,"7":1,"8":1,"9":1,"10":1,"11":1,"12":1,"13":1},"b":{},"_coverageSchema":"332fd63041d2c1bcb487cc26dd0d5f7d97098a6c","hash":"608b6dab8bb7c98cb0c2206f585c8fcf448091f3"}
}
