TN:
SF:C:\Users\Eunseok\Desktop\better-textarea\src\main.js
FN:2,(anonymous_0)
FN:14,(anonymous_1)
FN:26,(anonymous_2)
FN:39,(anonymous_3)
FN:51,(anonymous_4)
FNF:5
FNH:5
FNDA:10,(anonymous_0)
FNDA:14,(anonymous_1)
FNDA:4,(anonymous_2)
FNDA:10,(anonymous_3)
FNDA:12,(anonymous_4)
DA:2,2
DA:3,10
DA:6,8
DA:11,2
DA:15,13
DA:17,9
DA:19,9
DA:22,8
DA:23,5
DA:24,5
DA:25,4
DA:26,2
DA:27,7
DA:28,7
DA:32,2
DA:35,4
DA:39,11
DA:40,7
DA:41,3
DA:45,4
DA:51,4
DA:52,6
DA:53,2
DA:57,2
LF:24
LH:24
BRDA:15,0,0,2
BRDA:15,0,1,12
BRDA:22,1,0,6
BRDA:22,1,1,6
BRDA:24,2,0,6
BRDA:24,2,1,0
BRDA:25,3,0,4
BRDA:25,3,1,2
BRDA:27,4,0,4
BRDA:27,4,1,0
BRDA:40,5,0,2
BRDA:40,5,1,8
BRDA:52,6,0,4
BRDA:52,6,1,8
BRDA:52,7,0,12
BRDA:52,7,1,8
BRF:16
BRH:14
end_of_record
TN:
SF:C:\Users\Eunseok\Desktop\better-textarea\test\main.test.js
FN:3,(anonymous_0)
FN:6,(anonymous_1)
FN:7,(anonymous_2)
FN:10,(anonymous_3)
FN:11,(anonymous_4)
FN:14,(anonymous_5)
FN:15,(anonymous_6)
FN:18,(anonymous_7)
FN:21,(anonymous_8)
FN:27,(anonymous_9)
FN:28,(anonymous_10)
FN:31,(anonymous_11)
FN:32,(anonymous_12)
FN:35,(anonymous_13)
FNF:14
FNH:14
FNDA:1,(anonymous_0)
FNDA:1,(anonymous_1)
FNDA:1,(anonymous_2)
FNDA:1,(anonymous_3)
FNDA:1,(anonymous_4)
FNDA:1,(anonymous_5)
FNDA:1,(anonymous_6)
FNDA:1,(anonymous_7)
FNDA:1,(anonymous_8)
FNDA:1,(anonymous_9)
FNDA:1,(anonymous_10)
FNDA:1,(anonymous_11)
FNDA:1,(anonymous_12)
FNDA:1,(anonymous_13)
DA:3,1
DA:4,1
DA:6,1
DA:7,1
DA:10,1
DA:11,1
DA:14,1
DA:15,1
DA:18,1
DA:19,1
DA:21,1
DA:22,1
DA:24,1
DA:27,1
DA:28,1
DA:31,1
DA:32,1
DA:35,1
DA:36,1
DA:40,1
DA:41,1
LF:21
LH:21
BRF:0
BRH:0
end_of_record
